2023-04-13 10:00:23.976	[INFO]	gobot/app.go:126	appRun
2023-04-13 10:01:02.217	[INFO]	cmd/main.go:95	OnExit	{"reason": "uiclose"}
2023-04-13 10:17:00.735	[INFO]	gobot/app.go:126	appRun
2023-04-13 10:43:18.327	[INFO]	gobot/app.go:126	appRun
2023-04-13 10:43:22.731	[INFO]	cmd/main.go:95	OnExit	{"reason": "uiclose"}
2023-04-21 15:10:54.194	[INFO]	gobot/app.go:126	appRun
2023-04-21 15:22:28.905	[INFO]	gobot/app.go:126	appRun
2023-04-21 15:22:55.719	[INFO]	cmd/main.go:95	OnExit	{"reason": "uiclose"}
2023-04-21 15:23:00.668	[INFO]	gobot/app.go:126	appRun
2023-04-21 15:24:02.864	[INFO]	cmd/main.go:95	OnExit	{"reason": "uiclose"}
2023-04-21 15:24:20.661	[INFO]	gobot/app.go:126	appRun
2023-04-21 15:27:46.839	[INFO]	cmd/main.go:95	OnExit	{"reason": "uiclose"}
2023-04-21 15:27:58.494	[INFO]	gobot/app.go:126	appRun
2023-04-21 15:29:22.292	[INFO]	gobot/app.go:126	appRun
2023-04-21 15:31:56.195	[INFO]	cmd/main.go:95	OnExit	{"reason": "uiclose"}
2023-04-21 15:32:09.324	[INFO]	gobot/app.go:126	appRun
2023-04-21 15:33:14.383	[INFO]	cmd/main.go:95	OnExit	{"reason": "uiclose"}
2023-04-21 15:33:22.291	[INFO]	gobot/app.go:126	appRun
2023-04-21 15:33:30.824	[INFO]	cmd/main.go:95	OnExit	{"reason": "uiclose"}
2023-04-21 15:33:35.309	[INFO]	gobot/app.go:126	appRun
2023-04-21 15:34:15.904	[INFO]	cmd/main.go:95	OnExit	{"reason": "uiclose"}
2023-04-21 15:34:20.775	[INFO]	gobot/app.go:126	appRun
2023-04-21 15:35:05.642	[INFO]	cmd/main.go:95	OnExit	{"reason": "uiclose"}
2023-04-21 15:35:10.490	[INFO]	gobot/app.go:126	appRun
2023-04-21 15:36:37.190	[INFO]	cmd/main.go:95	OnExit	{"reason": "uiclose"}
2023-04-21 15:36:42.399	[INFO]	gobot/app.go:126	appRun
2023-04-21 15:42:42.258	[INFO]	gobot/app.go:126	appRun
2023-04-21 15:43:32.000	[INFO]	gobot/app.go:126	appRun
2023-04-21 15:49:58.575	[INFO]	cmd/main.go:95	OnExit	{"reason": "uiclose"}
2023-04-21 15:50:15.473	[INFO]	gobot/app.go:126	appRun
2023-04-21 15:51:10.707	[INFO]	cmd/main.go:95	OnExit	{"reason": "uiclose"}
2023-04-21 15:51:15.851	[INFO]	gobot/app.go:126	appRun
2023-04-21 15:54:32.235	[INFO]	cmd/main.go:95	OnExit	{"reason": "uiclose"}
2023-04-21 15:54:38.000	[INFO]	gobot/app.go:126	appRun
2023-04-21 15:55:23.514	[INFO]	cmd/main.go:95	OnExit	{"reason": "uiclose"}
2023-04-21 15:55:28.756	[INFO]	gobot/app.go:126	appRun
2023-04-21 15:55:54.462	[INFO]	cmd/main.go:95	OnExit	{"reason": "uiclose"}
2023-04-21 15:56:00.002	[INFO]	gobot/app.go:126	appRun
2023-04-21 15:57:54.567	[INFO]	cmd/main.go:95	OnExit	{"reason": "uiclose"}
2023-04-21 15:58:00.521	[INFO]	gobot/app.go:126	appRun
2023-04-21 15:58:55.560	[INFO]	gobot/app.go:126	appRun
2023-04-21 15:59:47.613	[INFO]	gobot/app.go:126	appRun
2023-04-21 16:00:38.017	[INFO]	gobot/app.go:126	appRun
2023-04-21 16:03:41.418	[INFO]	gobot/app.go:212	gamer start	{"uid": ".cc2"}
2023-04-21 16:03:41.418	[DEBUG]	gamer/login.go:35	begin Auth	{"uid": ".cc2"}
2023-04-21 16:03:41.501	[DEBUG]	gamer/login.go:77	Connect
2023-04-21 16:03:41.537	[DEBUG]	gamer/network.go:18	OnConnected
2023-04-21 16:03:41.537	[INFO]	network/client.go:101	gnet start	{"gamer": "cc2"}
2023-04-21 16:03:41.541	[DEBUG]	gamer/login.go:103	sendlogin	{"sent": true}
2023-04-21 16:03:41.573	[DEBUG]	gamer/gamer.go:80	nilPkt	{"cmd": 0}
2023-04-21 16:03:41.633	[DEBUG]	back/gamer.go:125	ChangeStatus	{"n": "", "s": "success", "i": "gid(0) level(1) zone(qa1服) | 离线"}
2023-04-21 16:03:41.635	[INFO]	gamer/login.go:117	loginOk
2023-04-21 16:03:41.636	[DEBUG]	back/gamer.go:125	ChangeStatus	{"n": "", "s": "success", "i": "gid(75) level(1) zone(qa1服) | 在线"}
2023-04-21 16:38:57.567	[DEBUG]	gamer/network.go:23	OnDisconnected
2023-04-21 16:38:57.567	[INFO]	gobot/app.go:207	gamer exit	{"uid": ".cc2", "reason": ""}
2023-04-21 16:38:57.567	[INFO]	network/client.go:105	gnet exit	{"gamer": "cc2"}
2023-04-21 16:38:57.569	[DEBUG]	back/gamer.go:125	ChangeStatus	{"n": "", "s": "error", "i": "gid(75) level(1) zone(qa1服) | 离线"}
2023-04-21 17:53:41.380	[INFO]	cmd/main.go:95	OnExit	{"reason": "uiclose"}
2023-04-25 16:16:41.584	[INFO]	gobot/app.go:126	appRun
2023-04-25 16:16:45.426	[INFO]	gobot/app.go:212	gamer start	{"uid": ".cc2"}
2023-04-25 16:16:45.444	[DEBUG]	gamer/login.go:35	begin Auth	{"uid": ".cc2"}
2023-04-25 16:16:45.515	[DEBUG]	gamer/login.go:77	Connect
2023-04-25 16:16:45.553	[DEBUG]	gamer/network.go:18	OnConnected
2023-04-25 16:16:45.553	[INFO]	network/client.go:101	gnet start	{"gamer": "cc2"}
2023-04-25 16:16:45.554	[DEBUG]	gamer/login.go:103	sendlogin	{"sent": true}
2023-04-25 16:16:45.591	[DEBUG]	gamer/gamer.go:80	nilPkt	{"cmd": 0}
2023-04-25 16:16:45.656	[DEBUG]	back/gamer.go:125	ChangeStatus	{"n": "", "s": "success", "i": "gid(0) level(1) zone(qa1服) | 离线"}
2023-04-25 16:16:45.657	[INFO]	gamer/login.go:117	loginOk
2023-04-25 16:16:45.659	[DEBUG]	back/gamer.go:125	ChangeStatus	{"n": "", "s": "success", "i": "gid(8) level(1) zone(qa1服) | 在线"}
2023-04-25 16:16:59.140	[INFO]	cmd/main.go:95	OnExit	{"reason": "uiclose"}
